This is XeTeX, Version 3.14159265-2.6-0.999992 (TeX Live 2020) (preloaded format=xelatex 2021.1.12)  15 JUL 2021 07:54
entering extended mode
 restricted \write18 enabled.
 %&-line parsing enabled.
**0101-usage.tex
(./0101-usage.tex
LaTeX2e <2020-10-01> patch level 4
L3 programming layer <2021-01-09> xparse <2020-03-03>
(/Users/chandoubaxiaochongzi/Library/TinyTeX/texmf-dist/tex/latex/base/article.
cls
Document Class: article 2020/04/10 v1.4m Standard LaTeX document class

(/Users/chandoubaxiaochongzi/Library/TinyTeX/texmf-dist/tex/latex/base/size10.c
lo
File: size10.clo 2020/04/10 v1.4m Standard LaTeX file (size option)
)
\c@part=\count173
\c@section=\count174
\c@subsection=\count175
\c@subsubsection=\count176
\c@paragraph=\count177
\c@subparagraph=\count178
\c@figure=\count179
\c@table=\count180
\abovecaptionskip=\skip47
\belowcaptionskip=\skip48
\bibindent=\dimen138
)
(/Users/chandoubaxiaochongzi/Library/TinyTeX/texmf-dist/tex/latex/lm/lmodern.st
y
Package: lmodern 2009/10/30 v1.6 Latin Modern Fonts
LaTeX Font Info:    Overwriting symbol font `operators' in version `normal'
(Font)                  OT1/cmr/m/n --> OT1/lmr/m/n on input line 22.
LaTeX Font Info:    Overwriting symbol font `letters' in version `normal'
(Font)                  OML/cmm/m/it --> OML/lmm/m/it on input line 23.
LaTeX Font Info:    Overwriting symbol font `symbols' in version `normal'
(Font)                  OMS/cmsy/m/n --> OMS/lmsy/m/n on input line 24.
LaTeX Font Info:    Overwriting symbol font `largesymbols' in version `normal'
(Font)                  OMX/cmex/m/n --> OMX/lmex/m/n on input line 25.
LaTeX Font Info:    Overwriting symbol font `operators' in version `bold'
(Font)                  OT1/cmr/bx/n --> OT1/lmr/bx/n on input line 26.
LaTeX Font Info:    Overwriting symbol font `letters' in version `bold'
(Font)                  OML/cmm/b/it --> OML/lmm/b/it on input line 27.
LaTeX Font Info:    Overwriting symbol font `symbols' in version `bold'
(Font)                  OMS/cmsy/b/n --> OMS/lmsy/b/n on input line 28.
LaTeX Font Info:    Overwriting symbol font `largesymbols' in version `bold'
(Font)                  OMX/cmex/m/n --> OMX/lmex/m/n on input line 29.
LaTeX Font Info:    Overwriting math alphabet `\mathbf' in version `normal'
(Font)                  OT1/cmr/bx/n --> OT1/lmr/bx/n on input line 31.
LaTeX Font Info:    Overwriting math alphabet `\mathsf' in version `normal'
(Font)                  OT1/cmss/m/n --> OT1/lmss/m/n on input line 32.
LaTeX Font Info:    Overwriting math alphabet `\mathit' in version `normal'
(Font)                  OT1/cmr/m/it --> OT1/lmr/m/it on input line 33.
LaTeX Font Info:    Overwriting math alphabet `\mathtt' in version `normal'
(Font)                  OT1/cmtt/m/n --> OT1/lmtt/m/n on input line 34.
LaTeX Font Info:    Overwriting math alphabet `\mathbf' in version `bold'
(Font)                  OT1/cmr/bx/n --> OT1/lmr/bx/n on input line 35.
LaTeX Font Info:    Overwriting math alphabet `\mathsf' in version `bold'
(Font)                  OT1/cmss/bx/n --> OT1/lmss/bx/n on input line 36.
LaTeX Font Info:    Overwriting math alphabet `\mathit' in version `bold'
(Font)                  OT1/cmr/bx/it --> OT1/lmr/bx/it on input line 37.
LaTeX Font Info:    Overwriting math alphabet `\mathtt' in version `bold'
(Font)                  OT1/cmtt/m/n --> OT1/lmtt/m/n on input line 38.
)
(/Users/chandoubaxiaochongzi/Library/TinyTeX/texmf-dist/tex/latex/amsmath/amsma
th.sty
Package: amsmath 2020/09/23 v2.17i AMS math features
\@mathmargin=\skip49
For additional information on amsmath, use the `?' option.

(/Users/chandoubaxiaochongzi/Library/TinyTeX/texmf-dist/tex/latex/amsmath/amste
xt.sty
Package: amstext 2000/06/29 v2.01 AMS text

(/Users/chandoubaxiaochongzi/Library/TinyTeX/texmf-dist/tex/latex/amsmath/amsge
n.sty
File: amsgen.sty 1999/11/30 v2.0 generic functions
\@emptytoks=\toks15
\ex@=\dimen139
))
(/Users/chandoubaxiaochongzi/Library/TinyTeX/texmf-dist/tex/latex/amsmath/amsbs
y.sty
Package: amsbsy 1999/11/29 v1.2d Bold Symbols
\pmbraise@=\dimen140
)
(/Users/chandoubaxiaochongzi/Library/TinyTeX/texmf-dist/tex/latex/amsmath/amsop
n.sty
Package: amsopn 2016/03/08 v2.02 operator names
)
\inf@bad=\count181
LaTeX Info: Redefining \frac on input line 234.
\uproot@=\count182
\leftroot@=\count183
LaTeX Info: Redefining \overline on input line 399.
\classnum@=\count184
\DOTSCASE@=\count185
LaTeX Info: Redefining \ldots on input line 496.
LaTeX Info: Redefining \dots on input line 499.
LaTeX Info: Redefining \cdots on input line 620.
\Mathstrutbox@=\box47
\strutbox@=\box48
\big@size=\dimen141
LaTeX Font Info:    Redeclaring font encoding OML on input line 743.
LaTeX Font Info:    Redeclaring font encoding OMS on input line 744.
\macc@depth=\count186
\c@MaxMatrixCols=\count187
\dotsspace@=\muskip16
\c@parentequation=\count188
\dspbrk@lvl=\count189
\tag@help=\toks16
\row@=\count190
\column@=\count191
\maxfields@=\count192
\andhelp@=\toks17
\eqnshift@=\dimen142
\alignsep@=\dimen143
\tagshift@=\dimen144
\tagwidth@=\dimen145
\totwidth@=\dimen146
\lineht@=\dimen147
\@envbody=\toks18
\multlinegap=\skip50
\multlinetaggap=\skip51
\mathdisplay@stack=\toks19
LaTeX Info: Redefining \[ on input line 2923.
LaTeX Info: Redefining \] on input line 2924.
)
(/Users/chandoubaxiaochongzi/Library/TinyTeX/texmf-dist/tex/generic/iftex/ifxet
ex.sty
Package: ifxetex 2019/10/25 v0.7 ifxetex legacy package. Use iftex instead.

(/Users/chandoubaxiaochongzi/Library/TinyTeX/texmf-dist/tex/generic/iftex/iftex
.sty
Package: iftex 2020/03/06 v1.0d TeX engine tests
))
(/Users/chandoubaxiaochongzi/Library/TinyTeX/texmf-dist/tex/generic/iftex/iflua
tex.sty
Package: ifluatex 2019/10/25 v1.5 ifluatex legacy package. Use iftex instead.
)
(/Users/chandoubaxiaochongzi/Library/TinyTeX/texmf-dist/tex/latex/unicode-math/
unicode-math.sty
(/Users/chandoubaxiaochongzi/Library/TinyTeX/texmf-dist/tex/latex/l3kernel/expl
3.sty
Package: expl3 2021-01-09 L3 programming layer (loader) 

(/Users/chandoubaxiaochongzi/Library/TinyTeX/texmf-dist/tex/latex/l3backend/l3b
ackend-xetex.def
File: l3backend-xetex.def 2021-01-09 L3 backend support: XeTeX
(|extractbb --version)
\c__kernel_sys_dvipdfmx_version_int=\count193
\l__kernel_color_stack_int=\count194
\g__graphics_track_int=\count195
\l__pdf_internal_box=\box49
\g__pdf_backend_object_int=\count196
\g__pdf_backend_annotation_int=\count197
\g__pdf_backend_link_int=\count198
))
Package: unicode-math 2020/01/31 v0.8q Unicode maths in XeLaTeX and LuaLaTeX

(/Users/chandoubaxiaochongzi/Library/TinyTeX/texmf-dist/tex/latex/unicode-math/
unicode-math-xetex.sty
Package: unicode-math-xetex 2020/01/31 v0.8q Unicode maths in XeLaTeX and LuaLa
TeX

(/Users/chandoubaxiaochongzi/Library/TinyTeX/texmf-dist/tex/latex/l3packages/xp
arse/xparse.sty
Package: xparse 2020-10-27 L3 Experimental document command parser

(/Users/chandoubaxiaochongzi/Library/TinyTeX/texmf-dist/tex/latex/l3packages/xp
arse/xparse-generic.tex))
(/Users/chandoubaxiaochongzi/Library/TinyTeX/texmf-dist/tex/latex/l3packages/l3
keys2e/l3keys2e.sty
Package: l3keys2e 2020-10-27 LaTeX2e option processing using LaTeX3 keys
)
(/Users/chandoubaxiaochongzi/Library/TinyTeX/texmf-dist/tex/latex/fontspec/font
spec.sty
Package: fontspec 2020/02/21 v2.7i Font selection for XeLaTeX and LuaLaTeX

(/Users/chandoubaxiaochongzi/Library/TinyTeX/texmf-dist/tex/latex/fontspec/font
spec-xetex.sty
Package: fontspec-xetex 2020/02/21 v2.7i Font selection for XeLaTeX and LuaLaTe
X
\l__fontspec_script_int=\count199
\l__fontspec_language_int=\count266
\l__fontspec_strnum_int=\count267
\l__fontspec_tmp_int=\count268
\l__fontspec_tmpa_int=\count269
\l__fontspec_tmpb_int=\count270
\l__fontspec_tmpc_int=\count271
\l__fontspec_em_int=\count272
\l__fontspec_emdef_int=\count273
\l__fontspec_strong_int=\count274
\l__fontspec_strongdef_int=\count275
\l__fontspec_tmpa_dim=\dimen148
\l__fontspec_tmpb_dim=\dimen149
\l__fontspec_tmpc_dim=\dimen150

(/Users/chandoubaxiaochongzi/Library/TinyTeX/texmf-dist/tex/latex/base/fontenc.
sty
Package: fontenc 2020/08/10 v2.0s Standard LaTeX package
)
(/Users/chandoubaxiaochongzi/Library/TinyTeX/texmf-dist/tex/latex/fontspec/font
spec.cfg)))
(/Users/chandoubaxiaochongzi/Library/TinyTeX/texmf-dist/tex/latex/base/fix-cm.s
ty
Package: fix-cm 2015/01/14 v1.1t fixes to LaTeX

(/Users/chandoubaxiaochongzi/Library/TinyTeX/texmf-dist/tex/latex/base/ts1enc.d
ef
File: ts1enc.def 2001/06/05 v3.0e (jk/car/fm) Standard LaTeX file
LaTeX Font Info:    Redeclaring font encoding TS1 on input line 47.
))
\g__um_fam_int=\count276
\g__um_fonts_used_int=\count277
\l__um_primecount_int=\count278
\g__um_primekern_muskip=\muskip17

(/Users/chandoubaxiaochongzi/Library/TinyTeX/texmf-dist/tex/latex/unicode-math/
unicode-math-table.tex)))
(/Users/chandoubaxiaochongzi/Library/TinyTeX/texmf-dist/tex/latex/xcolor/xcolor
.sty
Package: xcolor 2016/05/11 v2.12 LaTeX color extensions (UK)

(/Users/chandoubaxiaochongzi/Library/TinyTeX/texmf-dist/tex/latex/graphics-cfg/
color.cfg
File: color.cfg 2016/01/02 v1.6 sample color configuration
)
Package xcolor Info: Driver file: xetex.def on input line 225.

(/Users/chandoubaxiaochongzi/Library/TinyTeX/texmf-dist/tex/latex/graphics-def/
xetex.def
File: xetex.def 2020/08/26 v5.0i Graphics/color driver for xetex
)
Package xcolor Info: Model `cmy' substituted by `cmy0' on input line 1348.
Package xcolor Info: Model `RGB' extended on input line 1364.
Package xcolor Info: Model `HTML' substituted by `rgb' on input line 1366.
Package xcolor Info: Model `Hsb' substituted by `hsb' on input line 1367.
Package xcolor Info: Model `tHsb' substituted by `hsb' on input line 1368.
Package xcolor Info: Model `HSB' substituted by `hsb' on input line 1369.
Package xcolor Info: Model `Gray' substituted by `gray' on input line 1370.
Package xcolor Info: Model `wave' substituted by `hsb' on input line 1371.
)
(/Users/chandoubaxiaochongzi/Library/TinyTeX/texmf-dist/tex/latex/hyperref/hype
rref.sty
Package: hyperref 2020-05-15 v7.00e Hypertext links for LaTeX

(/Users/chandoubaxiaochongzi/Library/TinyTeX/texmf-dist/tex/generic/ltxcmds/ltx
cmds.sty
Package: ltxcmds 2020-05-10 v1.25 LaTeX kernel commands for general use (HO)
)
(/Users/chandoubaxiaochongzi/Library/TinyTeX/texmf-dist/tex/generic/pdftexcmds/
pdftexcmds.sty
Package: pdftexcmds 2020-06-27 v0.33 Utility functions of pdfTeX for LuaTeX (HO
)

(/Users/chandoubaxiaochongzi/Library/TinyTeX/texmf-dist/tex/generic/infwarerr/i
nfwarerr.sty
Package: infwarerr 2019/12/03 v1.5 Providing info/warning/error messages (HO)
)
Package pdftexcmds Info: \pdf@primitive is available.
Package pdftexcmds Info: \pdf@ifprimitive is available.
Package pdftexcmds Info: \pdfdraftmode not found.
)
(/Users/chandoubaxiaochongzi/Library/TinyTeX/texmf-dist/tex/latex/graphics/keyv
al.sty
Package: keyval 2014/10/28 v1.15 key=value parser (DPC)
\KV@toks@=\toks20
)
(/Users/chandoubaxiaochongzi/Library/TinyTeX/texmf-dist/tex/generic/kvsetkeys/k
vsetkeys.sty
Package: kvsetkeys 2019/12/15 v1.18 Key value parser (HO)
)
(/Users/chandoubaxiaochongzi/Library/TinyTeX/texmf-dist/tex/generic/kvdefinekey
s/kvdefinekeys.sty
Package: kvdefinekeys 2019-12-19 v1.6 Define keys (HO)
)
(/Users/chandoubaxiaochongzi/Library/TinyTeX/texmf-dist/tex/generic/pdfescape/p
dfescape.sty
Package: pdfescape 2019/12/09 v1.15 Implements pdfTeX's escape features (HO)
)
(/Users/chandoubaxiaochongzi/Library/TinyTeX/texmf-dist/tex/latex/hycolor/hycol
or.sty
Package: hycolor 2020-01-27 v1.10 Color options for hyperref/bookmark (HO)
)
(/Users/chandoubaxiaochongzi/Library/TinyTeX/texmf-dist/tex/latex/letltxmacro/l
etltxmacro.sty
Package: letltxmacro 2019/12/03 v1.6 Let assignment for LaTeX macros (HO)
)
(/Users/chandoubaxiaochongzi/Library/TinyTeX/texmf-dist/tex/latex/auxhook/auxho
ok.sty
Package: auxhook 2019-12-17 v1.6 Hooks for auxiliary files (HO)
)
(/Users/chandoubaxiaochongzi/Library/TinyTeX/texmf-dist/tex/latex/kvoptions/kvo
ptions.sty
Package: kvoptions 2020-10-07 v3.14 Key value format for package options (HO)
)
\@linkdim=\dimen151
\Hy@linkcounter=\count279
\Hy@pagecounter=\count280

(/Users/chandoubaxiaochongzi/Library/TinyTeX/texmf-dist/tex/latex/hyperref/pd1e
nc.def
File: pd1enc.def 2020-05-15 v7.00e Hyperref: PDFDocEncoding definition (HO)
)
(/Users/chandoubaxiaochongzi/Library/TinyTeX/texmf-dist/tex/generic/intcalc/int
calc.sty
Package: intcalc 2019/12/15 v1.3 Expandable calculations with integers (HO)
)
(/Users/chandoubaxiaochongzi/Library/TinyTeX/texmf-dist/tex/generic/etexcmds/et
excmds.sty
Package: etexcmds 2019/12/15 v1.7 Avoid name clashes with e-TeX commands (HO)
)
\Hy@SavedSpaceFactor=\count281
Package hyperref Info: Option `unicode' set `true' on input line 4338.

(/Users/chandoubaxiaochongzi/Library/TinyTeX/texmf-dist/tex/latex/hyperref/puen
c.def
File: puenc.def 2020-05-15 v7.00e Hyperref: PDF Unicode definition (HO)
)
Package hyperref Info: Hyper figures OFF on input line 4464.
Package hyperref Info: Link nesting OFF on input line 4469.
Package hyperref Info: Hyper index ON on input line 4472.
Package hyperref Info: Plain pages OFF on input line 4479.
Package hyperref Info: Backreferencing OFF on input line 4484.
Package hyperref Info: Implicit mode ON; LaTeX internals redefined.
Package hyperref Info: Bookmarks ON on input line 4717.
\c@Hy@tempcnt=\count282
(/Users/chandoubaxiaochongzi/Library/TinyTeX/texmf-dist/tex/latex/url/url.sty
\Urlmuskip=\muskip18
Package: url 2013/09/16  ver 3.4  Verb mode for urls, etc.
)
LaTeX Info: Redefining \url on input line 5076.
\XeTeXLinkMargin=\dimen152

(/Users/chandoubaxiaochongzi/Library/TinyTeX/texmf-dist/tex/generic/bitset/bits
et.sty
Package: bitset 2019/12/09 v1.3 Handle bit-vector datatype (HO)

(/Users/chandoubaxiaochongzi/Library/TinyTeX/texmf-dist/tex/generic/bigintcalc/
bigintcalc.sty
Package: bigintcalc 2019/12/15 v1.5 Expandable calculations on big integers (HO
)
))
\Fld@menulength=\count283
\Field@Width=\dimen153
\Fld@charsize=\dimen154
Package hyperref Info: Hyper figures OFF on input line 6347.
Package hyperref Info: Link nesting OFF on input line 6352.
Package hyperref Info: Hyper index ON on input line 6355.
Package hyperref Info: backreferencing OFF on input line 6362.
Package hyperref Info: Link coloring OFF on input line 6367.
Package hyperref Info: Link coloring with OCG OFF on input line 6372.
Package hyperref Info: PDF/A mode OFF on input line 6377.
LaTeX Info: Redefining \ref on input line 6417.
LaTeX Info: Redefining \pageref on input line 6421.

(/Users/chandoubaxiaochongzi/Library/TinyTeX/texmf-dist/tex/latex/base/atbegshi
-ltx.sty
Package: atbegshi-ltx 2020/08/17 v1.0a Emulation of the original atbegshi packa
ge
with kernel methods
)
\Hy@abspage=\count284
\c@Item=\count285
\c@Hfootnote=\count286
)
Package hyperref Info: Driver (autodetected): hxetex.

(/Users/chandoubaxiaochongzi/Library/TinyTeX/texmf-dist/tex/latex/hyperref/hxet
ex.def
File: hxetex.def 2020-05-15 v7.00e Hyperref driver for XeTeX

(/Users/chandoubaxiaochongzi/Library/TinyTeX/texmf-dist/tex/generic/stringenc/s
tringenc.sty
Package: stringenc 2019/11/29 v1.12 Convert strings between diff. encodings (HO
)
)
\pdfm@box=\box50
\c@Hy@AnnotLevel=\count287
\HyField@AnnotCount=\count288
\Fld@listcount=\count289
\c@bookmark@seq@number=\count290

(/Users/chandoubaxiaochongzi/Library/TinyTeX/texmf-dist/tex/latex/rerunfilechec
k/rerunfilecheck.sty
Package: rerunfilecheck 2019/12/05 v1.9 Rerun checks for auxiliary files (HO)

(/Users/chandoubaxiaochongzi/Library/TinyTeX/texmf-dist/tex/latex/base/atveryen
d-ltx.sty
Package: atveryend-ltx 2020/08/19 v1.0a Emulation of the original atvery packag
e
with kernel methods
)
(/Users/chandoubaxiaochongzi/Library/TinyTeX/texmf-dist/tex/generic/uniquecount
er/uniquecounter.sty
Package: uniquecounter 2019/12/15 v1.4 Provide unlimited unique counter (HO)
)
Package uniquecounter Info: New unique counter `rerunfilecheck' on input line 2
86.
)
\Hy@SectionHShift=\skip52
)
(/Users/chandoubaxiaochongzi/Library/TinyTeX/texmf-dist/tex/latex/geometry/geom
etry.sty
Package: geometry 2020/01/02 v5.9 Page Geometry

(/Users/chandoubaxiaochongzi/Library/TinyTeX/texmf-dist/tex/generic/iftex/ifvte
x.sty
Package: ifvtex 2019/10/25 v1.7 ifvtex legacy package. Use iftex instead.
)
\Gm@cnth=\count291
\Gm@cntv=\count292
\c@Gm@tempcnt=\count293
\Gm@bindingoffset=\dimen155
\Gm@wd@mp=\dimen156
\Gm@odd@mp=\dimen157
\Gm@even@mp=\dimen158
\Gm@layoutwidth=\dimen159
\Gm@layoutheight=\dimen160
\Gm@layouthoffset=\dimen161
\Gm@layoutvoffset=\dimen162
\Gm@dimlist=\toks21
)
(/Users/chandoubaxiaochongzi/Library/TinyTeX/texmf-dist/tex/latex/fancyvrb/fanc
yvrb.sty
Package: fancyvrb 2020/05/03 v3.6 verbatim text (tvz,hv)
\FV@CodeLineNo=\count294
\FV@InFile=\read2
\FV@TabBox=\box51
\c@FancyVerbLine=\count295
\FV@StepNumber=\count296
\FV@OutFile=\write3
)
(/Users/chandoubaxiaochongzi/Library/TinyTeX/texmf-dist/tex/latex/framed/framed
.sty
Package: framed 2011/10/22 v 0.96: framed or shaded text with page breaks
\OuterFrameSep=\skip53
\fb@frw=\dimen163
\fb@frh=\dimen164
\FrameRule=\dimen165
\FrameSep=\dimen166
)
(/Users/chandoubaxiaochongzi/Library/TinyTeX/texmf-dist/tex/latex/tools/longtab
le.sty
Package: longtable 2020/01/07 v4.13 Multi-page Table package (DPC)
\LTleft=\skip54
\LTright=\skip55
\LTpre=\skip56
\LTpost=\skip57
\LTchunksize=\count297
\LTcapwidth=\dimen167
\LT@head=\box52
\LT@firsthead=\box53
\LT@foot=\box54
\LT@lastfoot=\box55
\LT@cols=\count298
\LT@rows=\count299
\c@LT@tables=\count300
\c@LT@chunks=\count301
\LT@p@ftn=\toks22
)
(/Users/chandoubaxiaochongzi/Library/TinyTeX/texmf-dist/tex/latex/booktabs/book
tabs.sty
Package: booktabs 2020/01/12 v1.61803398 Publication quality tables
\heavyrulewidth=\dimen168
\lightrulewidth=\dimen169
\cmidrulewidth=\dimen170
\belowrulesep=\dimen171
\belowbottomsep=\dimen172
\aboverulesep=\dimen173
\abovetopsep=\dimen174
\cmidrulesep=\dimen175
\cmidrulekern=\dimen176
\defaultaddspace=\dimen177
\@cmidla=\count302
\@cmidlb=\count303
\@aboverulesep=\dimen178
\@belowrulesep=\dimen179
\@thisruleclass=\count304
\@lastruleclass=\count305
\@thisrulewidth=\dimen180
)
(/Users/chandoubaxiaochongzi/Library/TinyTeX/texmf-dist/tex/latex/tools/calc.st
y
Package: calc 2017/05/25 v4.3 Infix arithmetic (KKT,FJ)
\calc@Acount=\count306
\calc@Bcount=\count307
\calc@Adimen=\dimen181
\calc@Bdimen=\dimen182
\calc@Askip=\skip58
\calc@Bskip=\skip59
LaTeX Info: Redefining \setlength on input line 80.
LaTeX Info: Redefining \addtolength on input line 81.
\calc@Ccount=\count308
\calc@Cskip=\skip60
)
(/Users/chandoubaxiaochongzi/Library/TinyTeX/texmf-dist/tex/latex/etoolbox/etoo
lbox.sty
Package: etoolbox 2020/10/05 v2.5k e-TeX tools for LaTeX (JAW)
\etb@tempcnta=\count309
)
(/Users/chandoubaxiaochongzi/Library/TinyTeX/texmf-dist/tex/latex/mdwtools/foot
note.sty
Package: footnote 1997/01/28 1.13 Save footnotes around boxes
\fn@notes=\box56
\fn@width=\dimen183
)
(/Users/chandoubaxiaochongzi/Library/TinyTeX/texmf-dist/tex/latex/graphics/grap
hicx.sty
Package: graphicx 2020/09/09 v1.2b Enhanced LaTeX Graphics (DPC,SPQR)

(/Users/chandoubaxiaochongzi/Library/TinyTeX/texmf-dist/tex/latex/graphics/grap
hics.sty
Package: graphics 2020/08/30 v1.4c Standard LaTeX Graphics (DPC,SPQR)

(/Users/chandoubaxiaochongzi/Library/TinyTeX/texmf-dist/tex/latex/graphics/trig
.sty
Package: trig 2016/01/03 v1.10 sin cos tan (DPC)
)
(/Users/chandoubaxiaochongzi/Library/TinyTeX/texmf-dist/tex/latex/graphics-cfg/
graphics.cfg
File: graphics.cfg 2016/06/04 v1.11 sample graphics configuration
)
Package graphics Info: Driver file: xetex.def on input line 105.
)
\Gin@req@height=\dimen184
\Gin@req@width=\dimen185
)
(/Users/chandoubaxiaochongzi/Library/TinyTeX/texmf-dist/tex/latex/ctex/ctex.sty
Package: ctex 2020/10/19 v2.5.5 Chinese adapter in LaTeX (CTEX)

(/Users/chandoubaxiaochongzi/Library/TinyTeX/texmf-dist/tex/latex/ctex/ctexhook
.sty
Package: ctexhook 2020/10/19 v2.5.5 Document and package hooks (CTEX)
)
(/Users/chandoubaxiaochongzi/Library/TinyTeX/texmf-dist/tex/latex/ctex/ctexpatc
h.sty
Package: ctexpatch 2020/10/19 v2.5.5 Patching commands (CTEX)
)
(/Users/chandoubaxiaochongzi/Library/TinyTeX/texmf-dist/tex/latex/ms/everysel.s
ty
Package: everysel 2011/10/28 v1.2 EverySelectfont Package (MS)
)
\l__ctex_tmp_int=\count310
\l__ctex_tmp_box=\box57
\l__ctex_tmp_dim=\dimen186
\g__ctex_section_depth_int=\count311
\g__ctex_font_size_int=\count312

(/Users/chandoubaxiaochongzi/Library/TinyTeX/texmf-dist/tex/latex/ctex/config/c
texopts.cfg
File: ctexopts.cfg 2020/10/19 v2.5.5 Option configuration file (CTEX)
)
(/Users/chandoubaxiaochongzi/Library/TinyTeX/texmf-dist/tex/latex/ctex/engine/c
tex-engine-xetex.def
File: ctex-engine-xetex.def 2020/10/19 v2.5.5 XeLaTeX adapter (CTEX)

(/Users/chandoubaxiaochongzi/Library/TinyTeX/texmf-dist/tex/xelatex/xecjk/xeCJK
.sty
Package: xeCJK 2020/10/19 v3.8.6 Typesetting CJK scripts with XeLaTeX

(/Users/chandoubaxiaochongzi/Library/TinyTeX/texmf-dist/tex/latex/l3packages/xt
emplate/xtemplate.sty
Package: xtemplate 2020-10-27 L3 Experimental prototype document functions
\l__xtemplate_tmp_dim=\dimen187
\l__xtemplate_tmp_int=\count313
\l__xtemplate_tmp_muskip=\muskip19
\l__xtemplate_tmp_skip=\skip61
)
\l__xeCJK_tmp_int=\count314
\l__xeCJK_tmp_box=\box58
\l__xeCJK_tmp_dim=\dimen188
\l__xeCJK_tmp_skip=\skip62
\g__xeCJK_space_factor_int=\count315
\l__xeCJK_begin_int=\count316
\l__xeCJK_end_int=\count317
\c__xeCJK_CJK_class_int=\XeTeXcharclass1
\c__xeCJK_FullLeft_class_int=\XeTeXcharclass2
\c__xeCJK_FullRight_class_int=\XeTeXcharclass3
\c__xeCJK_HalfLeft_class_int=\XeTeXcharclass4
\c__xeCJK_HalfRight_class_int=\XeTeXcharclass5
\c__xeCJK_NormalSpace_class_int=\XeTeXcharclass6
\c__xeCJK_CM_class_int=\XeTeXcharclass7
\c__xeCJK_HangulJamo_class_int=\XeTeXcharclass8
\l__xeCJK_last_skip=\skip63
\g__xeCJK_node_int=\count318
\c__xeCJK_CJK_node_dim=\dimen189
\c__xeCJK_CJK-space_node_dim=\dimen190
\c__xeCJK_default_node_dim=\dimen191
\c__xeCJK_default-space_node_dim=\dimen192
\c__xeCJK_CJK-widow_node_dim=\dimen193
\c__xeCJK_normalspace_node_dim=\dimen194
\l__xeCJK_ccglue_skip=\skip64
\l__xeCJK_ecglue_skip=\skip65
\l__xeCJK_punct_kern_skip=\skip66
\l__xeCJK_last_penalty_int=\count319
\l__xeCJK_last_bound_dim=\dimen195
\l__xeCJK_last_kern_dim=\dimen196
\l__xeCJK_widow_penalty_int=\count320

Package xtemplate Info: Declaring object type 'xeCJK/punctuation' taking 0
(xtemplate)             argument(s) on line 2341.

\l__xeCJK_fixed_punct_width_dim=\dimen197
\l__xeCJK_mixed_punct_width_dim=\dimen198
\l__xeCJK_middle_punct_width_dim=\dimen199
\l__xeCJK_fixed_margin_width_dim=\dimen256
\l__xeCJK_mixed_margin_width_dim=\dimen257
\l__xeCJK_middle_margin_width_dim=\dimen258
\l__xeCJK_bound_punct_width_dim=\dimen259
\l__xeCJK_bound_margin_width_dim=\dimen260
\l__xeCJK_margin_minimum_dim=\dimen261
\l__xeCJK_kerning_total_width_dim=\dimen262
\l__xeCJK_same_align_margin_dim=\dimen263
\l__xeCJK_different_align_margin_dim=\dimen264
\l__xeCJK_kerning_margin_width_dim=\dimen265
\l__xeCJK_kerning_margin_minimum_dim=\dimen266
\l__xeCJK_bound_dim=\dimen267
\l__xeCJK_reverse_bound_dim=\dimen268
\l__xeCJK_margin_dim=\dimen269
\l__xeCJK_minimum_bound_dim=\dimen270
\l__xeCJK_kerning_margin_dim=\dimen271
\g__xeCJK_family_int=\count321
\l__xeCJK_fam_int=\count322
\g__xeCJK_fam_allocation_int=\count323
\l__xeCJK_verb_case_int=\count324
\l__xeCJK_verb_exspace_skip=\skip67

(/Users/chandoubaxiaochongzi/Library/TinyTeX/texmf-dist/tex/xelatex/xecjk/xeCJK
.cfg
File: xeCJK.cfg 2020/10/19 v3.8.6 Configuration file for xeCJK package
))
\ccwd=\dimen272
\l__ctex_ccglue_skip=\skip68
)
\l__ctex_ziju_dim=\dimen273

(/Users/chandoubaxiaochongzi/Library/TinyTeX/texmf-dist/tex/latex/zhnumber/zhnu
mber.sty
Package: zhnumber 2020/05/01 v2.8 Typesetting numbers with Chinese glyphs
\l__zhnum_scale_int=\count325

(/Users/chandoubaxiaochongzi/Library/TinyTeX/texmf-dist/tex/latex/zhnumber/zhnu
mber-utf8.cfg
File: zhnumber-utf8.cfg 2020/05/01 v2.8 Chinese numerals with UTF8 encoding
))
(/Users/chandoubaxiaochongzi/Library/TinyTeX/texmf-dist/tex/latex/ctex/scheme/c
tex-scheme-chinese.def
File: ctex-scheme-chinese.def 2020/10/19 v2.5.5 Chinese scheme for generic (CTE
X)

(/Users/chandoubaxiaochongzi/Library/TinyTeX/texmf-dist/tex/latex/ctex/config/c
tex-name-utf8.cfg
File: ctex-name-utf8.cfg 2020/10/19 v2.5.5 Caption with encoding UTF-8 (CTEX)
))
(/Users/chandoubaxiaochongzi/Library/TinyTeX/texmf-dist/tex/latex/tools/indentf
irst.sty
Package: indentfirst 1995/11/23 v1.03 Indent first paragraph (DPC)
)
(/Users/chandoubaxiaochongzi/Library/TinyTeX/texmf-dist/tex/latex/ctex/ctex-c5s
ize.clo
File: ctex-c5size.clo 2020/10/19 v2.5.5 c5size option (CTEX)
)
(/Users/chandoubaxiaochongzi/Library/TinyTeX/texmf-dist/tex/latex/ctex/fontset/
ctex-fontset-mac.def
File: ctex-fontset-mac.def 2020/10/19 v2.5.5 macOS fonts definition (CTEX)

(/Users/chandoubaxiaochongzi/Library/TinyTeX/texmf-dist/tex/latex/ctex/fontset/
ctex-fontset-macnew.def
File: ctex-fontset-macnew.def 2020/10/19 v2.5.5 macOS fonts definition for El C
apitan or later version (CTEX)

Package fontspec Warning: Font "Songti SC Light" does not contain requested
(fontspec)                Script "CJK".


Package fontspec Info: Songti SC Light scale = 0.9663633678182936.


Package fontspec Info: Songti SC Light scale = 0.9663633678182936.


Package fontspec Info: Songti SC Bold scale = 0.9663633678182936.


Package fontspec Info: Kaiti SC scale = 0.9663633678182936.


Package fontspec Info: Kaiti SC Bold scale = 0.9663633678182936.


Package fontspec Info: Font family 'SongtiSCLight(0)' created for font 'Songti
(fontspec)             SC Light' with options
(fontspec)             [Scale=MatchLowercase,Script={CJK},BoldItalicFont={Kaiti

(fontspec)             SC Bold},BoldFont={Songti SC Bold},ItalicFont={Kaiti
(fontspec)             SC}].
(fontspec)              
(fontspec)              This font family consists of the following NFSS
(fontspec)             series/shapes:
(fontspec)              
(fontspec)             - 'normal' (m/n) with NFSS spec.:
(fontspec)             <->s*[0.9663633678182936]"Songti SC
(fontspec)             Light/OT:language=dflt;"
(fontspec)             - 'small caps'  (m/sc) with NFSS spec.: 
(fontspec)             - 'bold' (b/n) with NFSS spec.:
(fontspec)             <->s*[0.9663633678182936]"Songti SC
(fontspec)             Bold/OT:language=dflt;"
(fontspec)             - 'bold small caps'  (b/sc) with NFSS spec.: 
(fontspec)             - 'italic' (m/it) with NFSS spec.:
(fontspec)             <->s*[0.9663633678182936]"Kaiti SC/OT:language=dflt;"
(fontspec)             - 'italic small caps'  (m/scit) with NFSS spec.: 
(fontspec)             - 'bold italic' (b/it) with NFSS spec.:
(fontspec)             <->s*[0.9663633678182936]"Kaiti SC
(fontspec)             Bold/OT:language=dflt;"
(fontspec)             - 'bold italic small caps'  (b/scit) with NFSS spec.: 

)))
(/Users/chandoubaxiaochongzi/Library/TinyTeX/texmf-dist/tex/latex/ctex/config/c
tex.cfg
File: ctex.cfg 2020/10/19 v2.5.5 Configuration file (CTEX)
)
(/Users/chandoubaxiaochongzi/Library/TinyTeX/texmf-dist/tex/latex/amscls/amsthm
.sty
Package: amsthm 2020/05/29 v2.20.6
\thm@style=\toks23
\thm@bodyfont=\toks24
\thm@headfont=\toks25
\thm@notefont=\toks26
\thm@headpunct=\toks27
\thm@preskip=\skip69
\thm@postskip=\skip70
\thm@headsep=\skip71
\dth@everypar=\toks28
)

! LaTeX Error: File `mathrsfs.sty' not found.

Type X to quit or <RETURN> to proceed,
or enter new name. (Default extension: sty)

Enter file name: 
! Emergency stop.
<read *> 
         
l.123 \usepackage
                 {booktabs}^^M 
Here is how much of TeX's memory you used:
 18956 strings out of 479212
 357814 string characters out of 5873889
 734098 words of memory out of 5000000
 38311 multiletter control sequences out of 15000+600000
 403870 words of font info for 38 fonts, out of 8000000 for 9000
 14 hyphenation exceptions out of 8191
 98i,0n,144p,350b,268s stack positions out of 5000i,500n,10000p,200000b,80000s

No pages of output.
